Drill report for DMH_Dual_VCF_Diode_Ladder_Mk2_PANEL.kicad_pcb
Created on 2025-03-15T21:35:40+0100

Copper Layer Stackup:
    =============================================================
    L1 :  F.Cu                      front
    L1 :  B.Cu                      back


Drill file 'DMH_Dual_VCF_Diode_Ladder_Mk2_PANEL-PTH.drl' contains
    plated through holes:
    =============================================================
    T1  0.300mm  0.0118"  (112 holes)
    T2  1.000mm  0.0394"  (7 holes)  (with 7 slots)
    T3  2.400mm  0.0945"  (10 holes)
    T4  3.200mm  0.1260"  (8 holes)
    T5  6.400mm  0.2520"  (10 holes)

    Total plated holes count 147


Drill file 'DMH_Dual_VCF_Diode_Ladder_Mk2_PANEL-NPTH.drl' contains
    unplated through holes:
    =============================================================
    T1  2.500mm  0.0984"  (4 holes)
    T2  3.100mm  0.1220"  (3 holes)

    Total unplated holes count 7
